<?xml version="1.0" encoding="UTF-8"?>
<coverage generated="1681929277043" clover="3.2.0">
  <project timestamp="1681929277043" name="All files">
    <metrics statements="25" coveredstatements="11" conditionals="8" coveredconditionals="2" methods="7" coveredmethods="2" elements="40" coveredelements="15" complexity="0" loc="25" ncloc="25" packages="2" files="3" classes="3"/>
    <package name="src">
      <metrics statements="3" coveredstatements="2" conditionals="0" coveredconditionals="0" methods="3" coveredmethods="1"/>
      <file name="App.jsx" path="/home/waka/vite-app/src/App.jsx">
        <metrics statements="3" coveredstatements="2" conditionals="0" coveredconditionals="0" methods="3" coveredmethods="1"/>
        <line num="7" count="3" type="stmt"/>
        <line num="9" count="2" type="stmt"/>
        <line num="17" count="0" type="stmt"/>
      </file>
    </package>
    <package name="src.components">
      <metrics statements="22" coveredstatements="9" conditionals="8" coveredconditionals="2" methods="4" coveredmethods="1"/>
      <file name="Header.jsx" path="/home/waka/vite-app/src/components/Header.jsx">
        <metrics statements="4" coveredstatements="3" conditionals="0" coveredconditionals="0" methods="2" coveredmethods="1"/>
        <line num="4" count="1" type="stmt"/>
        <line num="5" count="5" type="stmt"/>
        <line num="6" count="4" type="stmt"/>
        <line num="11" count="0" type="stmt"/>
      </file>
      <file name="Wrapper.jsx" path="/home/waka/vite-app/src/components/Wrapper.jsx">
        <metrics statements="18" coveredstatements="6" conditionals="8" coveredconditionals="2" methods="2" coveredmethods="0"/>
        <line num="7" count="1" type="stmt"/>
        <line num="9" count="1" type="stmt"/>
        <line num="12" count="1" type="cond" truecount="1" falsecount="1"/>
        <line num="13" count="0" type="stmt"/>
        <line num="15" count="1" type="cond" truecount="1" falsecount="1"/>
        <line num="16" count="0" type="stmt"/>
        <line num="18" count="1" type="stmt"/>
        <line num="22" count="1" type="stmt"/>
        <line num="23" count="0" type="stmt"/>
        <line num="24" count="0" type="stmt"/>
        <line num="27" count="0" type="stmt"/>
        <line num="28" count="0" type="stmt"/>
        <line num="29" count="0" type="cond" truecount="0" falsecount="2"/>
        <line num="30" count="0" type="stmt"/>
        <line num="32" count="0" type="cond" truecount="0" falsecount="2"/>
        <line num="33" count="0" type="stmt"/>
        <line num="35" count="0" type="stmt"/>
        <line num="40" count="0" type="stmt"/>
      </file>
    </package>
  </project>
</coverage>
