{"/home/waka/vite-app/src/App.jsx": {"path":"/home/waka/vite-app/src/App.jsx","statementMap":{"0":{"start":{"line":7,"column":30},"end":{"line":7,"column":null}},"1":{"start":{"line":9,"column":4},"end":{"line":31,"column":null}},"2":{"start":{"line":17,"column":39},"end":{"line":17,"column":null}},"3":{"start":{"line":17,"column":59},"end":{"line":17,"column":68}}},"fnMap":{"0":{"name":"App","decl":{"start":{"line":6,"column":9},"end":{"line":6,"column":13}},"loc":{"start":{"line":6,"column":20},"end":{"line":33,"column":null}}},"1":{"name":"(anonymous_1)","decl":{"start":{"line":17,"column":33},"end":{"line":17,"column":39}},"loc":{"start":{"line":17,"column":39},"end":{"line":17,"column":null}}},"2":{"name":"(anonymous_2)","decl":{"start":{"line":17,"column":48},"end":{"line":17,"column":49}},"loc":{"start":{"line":17,"column":59},"end":{"line":17,"column":68}}}},"branchMap":{},"s":{"0":3,"1":2,"2":0,"3":0},"f":{"0":3,"1":0,"2":0},"b":{}}
,"/home/waka/vite-app/src/components/Header.jsx": {"path":"/home/waka/vite-app/src/components/Header.jsx","statementMap":{"0":{"start":{"line":4,"column":15},"end":{"line":20,"column":null}},"1":{"start":{"line":5,"column":20},"end":{"line":5,"column":null}},"2":{"start":{"line":6,"column":4},"end":{"line":18,"column":null}},"3":{"start":{"line":11,"column":84},"end":{"line":11,"column":107}}},"fnMap":{"0":{"name":"(anonymous_0)","decl":{"start":{"line":4,"column":15},"end":{"line":4,"column":21}},"loc":{"start":{"line":4,"column":21},"end":{"line":20,"column":null}}},"1":{"name":"(anonymous_1)","decl":{"start":{"line":11,"column":74},"end":{"line":11,"column":75}},"loc":{"start":{"line":11,"column":84},"end":{"line":11,"column":107}}}},"branchMap":{},"s":{"0":1,"1":5,"2":4,"3":0},"f":{"0":5,"1":0},"b":{}}
,"/home/waka/vite-app/src/components/Wrapper.jsx": {"path":"/home/waka/vite-app/src/components/Wrapper.jsx","statementMap":{"0":{"start":{"line":7,"column":23},"end":{"line":7,"column":null}},"1":{"start":{"line":9,"column":14},"end":{"line":9,"column":null}},"2":{"start":{"line":12,"column":0},"end":{"line":20,"column":null}},"3":{"start":{"line":13,"column":2},"end":{"line":13,"column":null}},"4":{"start":{"line":15,"column":2},"end":{"line":19,"column":null}},"5":{"start":{"line":16,"column":4},"end":{"line":16,"column":null}},"6":{"start":{"line":18,"column":4},"end":{"line":18,"column":null}},"7":{"start":{"line":22,"column":16},"end":{"line":48,"column":null}},"8":{"start":{"line":23,"column":30},"end":{"line":23,"column":null}},"9":{"start":{"line":24,"column":34},"end":{"line":24,"column":null}},"10":{"start":{"line":27,"column":22},"end":{"line":27,"column":null}},"11":{"start":{"line":28,"column":4},"end":{"line":28,"column":null}},"12":{"start":{"line":29,"column":4},"end":{"line":37,"column":null}},"13":{"start":{"line":30,"column":6},"end":{"line":30,"column":null}},"14":{"start":{"line":32,"column":6},"end":{"line":36,"column":null}},"15":{"start":{"line":33,"column":8},"end":{"line":33,"column":null}},"16":{"start":{"line":35,"column":8},"end":{"line":35,"column":null}},"17":{"start":{"line":40,"column":2},"end":{"line":45,"column":null}}},"fnMap":{"0":{"name":"(anonymous_0)","decl":{"start":{"line":22,"column":16},"end":{"line":22,"column":17}},"loc":{"start":{"line":22,"column":27},"end":{"line":48,"column":null}}},"1":{"name":"selectLanguage","decl":{"start":{"line":26,"column":11},"end":{"line":26,"column":26}},"loc":{"start":{"line":26,"column":29},"end":{"line":38,"column":null}}}},"branchMap":{"0":{"loc":{"start":{"line":12,"column":0},"end":{"line":20,"column":null}},"type":"if","locations":[{"start":{"line":12,"column":0},"end":{"line":20,"column":null}},{"start":{"line":14,"column":6},"end":{"line":20,"column":null}}]},"1":{"loc":{"start":{"line":15,"column":2},"end":{"line":19,"column":null}},"type":"if","locations":[{"start":{"line":15,"column":2},"end":{"line":19,"column":null}},{"start":{"line":17,"column":9},"end":{"line":19,"column":null}}]},"2":{"loc":{"start":{"line":29,"column":4},"end":{"line":37,"column":null}},"type":"if","locations":[{"start":{"line":29,"column":4},"end":{"line":37,"column":null}},{"start":{"line":31,"column":11},"end":{"line":37,"column":null}}]},"3":{"loc":{"start":{"line":32,"column":6},"end":{"line":36,"column":null}},"type":"if","locations":[{"start":{"line":32,"column":6},"end":{"line":36,"column":null}},{"start":{"line":34,"column":13},"end":{"line":36,"column":null}}]}},"s":{"0":1,"1":1,"2":1,"3":0,"4":1,"5":0,"6":1,"7":1,"8":0,"9":0,"10":0,"11":0,"12":0,"13":0,"14":0,"15":0,"16":0,"17":0},"f":{"0":0,"1":0},"b":{"0":[0,1],"1":[0,1],"2":[0,0],"3":[0,0]}}
}
